2020-07-30 17:46:42,576 start.py[line:840] INFO Total cases: 2
2020-07-30 17:47:15,493 start.py[line:653] INFO Start to deal with case: 1
2020-07-30 17:47:15,493 start.py[line:618] INFO Send the message: 你好
2020-07-30 17:47:38,709 start.py[line:640] INFO Cost time is: 7.69949603081
2020-07-30 17:47:47,897 start.py[line:687] INFO Get the message: 大众汽车金融中国测试号说有问题也可以给我留言哟，为您服务是我的荣幸~
2020-07-30 17:47:48,470 start.py[line:687] INFO Get the message: 大众汽车金融中国测试号说? <a href="https://open.weixin.qq.com/connect/oauth2/authorize?appid=wxc48ed8d2ff9e52fd&redirect_uri=https%3a%2f%2fwechat.volkswagen-finance-china.com.cn%2fCCG%2fHome?utm_source=chatbot%26utm_medium=cpc%26utm_content=textlink%26utm_campaign=contract%26utm_term=还款计划_合同信息&response_type=code&scope=snsapi_base&state=1#wechat_redirect">- 查询合同与还款计划表</a>

? <a href="https://open.weixin.qq.com/connect/oauth2/authorize?appid=wxc48ed8d2ff9e52fd&redirect_uri=https%3a%2f%2fwechat.volkswagen-finance-china.com.cn%2fCCG%2fOverduePayment%2fIndex?utm_source=chatbot%26utm_medium=cpc%26utm_content=textlink%26utm_campaign=overdue%26utm_term=还款进度_逾期合同还款&response_type=code&scope=snsapi_base&state=1#wechat_redirect">- 逾期合同还款</a>

? <a href="https://open.weixin.qq.com/connect/oauth2/authorize?appid=wxc48ed8d2ff9e52fd&redirect_uri=https%3a%2f%2fwechat.volkswagen-finance-china.com.cn%2fCCG%2fPayTrial?utm_source=chatbot%26utm_medium=cpc%26utm_content=textlink%26utm_campaign=prepayment%26utm_term=还款进度_提前还款查询&response_type=code&scope=snsapi_base&state=1#wechat_redirect">- 提前还款报价</a>
2020-07-30 17:47:49,095 start.py[line:687] INFO Get the message: 大众汽车金融中国测试号说? <a href="https://open.weixin.qq.com/connect/oauth2/authorize?appid=wxc48ed8d2ff9e52fd&redirect_uri=https%3a%2f%2fwechat.volkswagen-finance-china.com.cn%2fCCG%2fHome?utm_source=chatbot%26utm_medium=cpc%26utm_content=textlink%26utm_campaign=contract%26utm_term=还款计划_合同信息&response_type=code&scope=snsapi_base&state=1#wechat_redirect">- 查询合同与还款计划表</a>

? <a href="https://open.weixin.qq.com/connect/oauth2/authorize?appid=wxc48ed8d2ff9e52fd&redirect_uri=https%3a%2f%2fwechat.volkswagen-finance-china.com.cn%2fCCG%2fOverduePayment%2fIndex?utm_source=chatbot%26utm_medium=cpc%26utm_content=textlink%26utm_campaign=overdue%26utm_term=还款进度_逾期合同还款&response_type=code&scope=snsapi_base&state=1#wechat_redirect">- 逾期合同还款</a>

? <a href="https://open.weixin.qq.com/connect/oauth2/authorize?appid=wxc48ed8d2ff9e52fd&redirect_uri=https%3a%2f%2fwechat.volkswagen-finance-china.com.cn%2fCCG%2fPayTrial?utm_source=chatbot%26utm_medium=cpc%26utm_content=textlink%26utm_campaign=prepayment%26utm_term=还款进度_提前还款查询&response_type=code&scope=snsapi_base&state=1#wechat_redirect">- 提前还款报价</a>
2020-07-30 17:47:49,610 start.py[line:687] INFO Get the message: 大众汽车金融中国测试号说您好，我是您的小助手融融。如下是我们的主要服务内容，点击即可进入功能页面：
2020-07-30 17:47:50,188 start.py[line:687] INFO Get the message: sayid说你好
2020-07-30 17:48:10,682 start.py[line:653] INFO Start to deal with case: 2
2020-07-30 17:48:10,683 start.py[line:618] INFO Send the message: 大众
2020-07-30 17:48:33,611 start.py[line:640] INFO Cost time is: 7.25128817558
2020-07-30 17:48:44,231 start.py[line:687] INFO Get the message: 大众汽车金融中国测试号说有问题也可以给我留言哟，为您服务是我的荣幸。

如急需联络人工客服，烦请拨打我司客户服务热线：010-65897766 （工作日 9:00 - 18:00）。
2020-07-30 17:48:44,823 start.py[line:687] INFO Get the message: 大众汽车金融中国测试号说有问题也可以给我留言哟，为您服务是我的荣幸。

如急需联络人工客服，烦请拨打我司客户服务热线：010-65897766 （工作日 9:00 - 18:00）。
2020-07-30 17:48:45,454 start.py[line:687] INFO Get the message: 大众汽车金融中国测试号说有问题也可以给我留言哟，为您服务是我的荣幸。

如急需联络人工客服，烦请拨打我司客户服务热线：010-65897766 （工作日 9:00 - 18:00）。
2020-07-30 17:48:46,042 start.py[line:687] INFO Get the message: 大众汽车金融中国测试号说? <a href="https://open.weixin.qq.com/connect/oauth2/authorize?appid=wxc48ed8d2ff9e52fd&redirect_uri=https%3a%2f%2fwechat.volkswagen-finance-china.com.cn%2fCCG%2fHome?utm_source=chatbot%26utm_medium=cpc%26utm_content=textlink%26utm_campaign=contract%26utm_term=还款计划_合同信息&response_type=code&scope=snsapi_base&state=1#wechat_redirect">- 查询合同信息与还款计划表</a>

? <a href="https://open.weixin.qq.com/connect/oauth2/authorize?appid=wxc48ed8d2ff9e52fd&redirect_uri=https%3a%2f%2fwechat.volkswagen-finance-china.com.cn%2fCCG%2fOverduePayment%2fIndex?utm_source=chatbot%26utm_medium=cpc%26utm_content=textlink%26utm_campaign=overdue%26utm_term=还款进度_逾期合同还款&response_type=code&scope=snsapi_base&state=1#wechat_redirect">- 逾期合同还款</a>

? <a href="https://open.weixin.qq.com/connect/oauth2/authorize?appid=wxc48ed8d2ff9e52fd&redirect_uri=https%3a%2f%2fwechat.volkswagen-finance-china.com.cn%2fCCG%2fPayTrial?utm_source=chatbot%26utm_medium=cpc%26utm_content=textlink%26utm_campaign=prepayment%26utm_term=还款进度_提前还款查询&response_type=code&scope=snsapi_base&state=1#wechat_redirect">- 提前还款报价</a>
2020-07-30 17:48:46,625 start.py[line:687] INFO Get the message: 大众汽车金融中国测试号说? <a href="https://open.weixin.qq.com/connect/oauth2/authorize?appid=wxc48ed8d2ff9e52fd&redirect_uri=https%3a%2f%2fwechat.volkswagen-finance-china.com.cn%2fCCG%2fHome?utm_source=chatbot%26utm_medium=cpc%26utm_content=textlink%26utm_campaign=contract%26utm_term=还款计划_合同信息&response_type=code&scope=snsapi_base&state=1#wechat_redirect">- 查询合同信息与还款计划表</a>

? <a href="https://open.weixin.qq.com/connect/oauth2/authorize?appid=wxc48ed8d2ff9e52fd&redirect_uri=https%3a%2f%2fwechat.volkswagen-finance-china.com.cn%2fCCG%2fOverduePayment%2fIndex?utm_source=chatbot%26utm_medium=cpc%26utm_content=textlink%26utm_campaign=overdue%26utm_term=还款进度_逾期合同还款&response_type=code&scope=snsapi_base&state=1#wechat_redirect">- 逾期合同还款</a>

? <a href="https://open.weixin.qq.com/connect/oauth2/authorize?appid=wxc48ed8d2ff9e52fd&redirect_uri=https%3a%2f%2fwechat.volkswagen-finance-china.com.cn%2fCCG%2fPayTrial?utm_source=chatbot%26utm_medium=cpc%26utm_content=textlink%26utm_campaign=prepayment%26utm_term=还款进度_提前还款查询&response_type=code&scope=snsapi_base&state=1#wechat_redirect">- 提前还款报价</a>
2020-07-30 17:48:47,245 start.py[line:687] INFO Get the message: 大众汽车金融中国测试号说您好，我是您的小助手融融。如下是我们的主要服务内容，点击即可进入功能页面：
2020-07-30 17:48:47,856 start.py[line:687] INFO Get the message: sayid说大众
2020-07-30 17:48:57,847 start.py[line:866] INFO write_data_into_excel
2020-07-30 17:48:57,847 start.py[line:873] INFO Finished: 
